<?xml version="1.0" encoding="UTF-8"?>
<testsuite name="LinkedListTest" tests="1" skipped="0" failures="0" errors="0" timestamp="2021-04-30T10:56:46" hostname="DESKTOP-Q36LAPH" time="0.034">
  <properties/>
  <testcase name="checkLinkedList()" classname="LinkedListTest" time="0.034"/>
  <system-out><![CDATA[56
30
40
70
]]></system-out>
  <system-err><![CDATA[]]></system-err>
</testsuite>
